{"/app/frontend/src/components/ui/Button.jsx": {"path":"/app/frontend/src/components/ui/Button.jsx","statementMap":{"0":{"start":{"line":3,"column":6},"end":{"line":48,"column":null}},"1":{"start":{"line":13,"column":21},"end":{"line":13,"column":null}},"2":{"start":{"line":15,"column":19},"end":{"line":22,"column":null}},"3":{"start":{"line":24,"column":16},"end":{"line":28,"column":null}},"4":{"start":{"line":30,"column":2},"end":{"line":48,"column":null}}},"fnMap":{"0":{"name":"(anonymous_0)","decl":{"start":{"line":3,"column":6},"end":{"line":3,"column":16}},"loc":{"start":{"line":12,"column":6},"end":{"line":48,"column":null}},"line":12}},"branchMap":{"0":{"loc":{"start":{"line":5,"column":2},"end":{"line":5,"column":null}},"type":"default-arg","locations":[{"start":{"line":5,"column":12},"end":{"line":5,"column":null}}],"line":5},"1":{"loc":{"start":{"line":6,"column":2},"end":{"line":6,"column":null}},"type":"default-arg","locations":[{"start":{"line":6,"column":9},"end":{"line":6,"column":null}}],"line":6},"2":{"loc":{"start":{"line":7,"column":2},"end":{"line":7,"column":null}},"type":"default-arg","locations":[{"start":{"line":7,"column":14},"end":{"line":7,"column":null}}],"line":7},"3":{"loc":{"start":{"line":8,"column":2},"end":{"line":8,"column":null}},"type":"default-arg","locations":[{"start":{"line":8,"column":13},"end":{"line":8,"column":null}}],"line":8},"4":{"loc":{"start":{"line":9,"column":2},"end":{"line":9,"column":null}},"type":"default-arg","locations":[{"start":{"line":9,"column":12},"end":{"line":9,"column":null}}],"line":9},"5":{"loc":{"start":{"line":38,"column":16},"end":{"line":38,"column":null}},"type":"binary-expr","locations":[{"start":{"line":38,"column":16},"end":{"line":38,"column":28}},{"start":{"line":38,"column":28},"end":{"line":38,"column":null}}],"line":38},"6":{"loc":{"start":{"line":41,"column":7},"end":{"line":44,"column":null}},"type":"binary-expr","locations":[{"start":{"line":41,"column":7},"end":{"line":41,"column":null}},{"start":{"line":42,"column":8},"end":{"line":44,"column":null}}],"line":41},"7":{"loc":{"start":{"line":47,"column":7},"end":{"line":47,"column":null}},"type":"binary-expr","locations":[{"start":{"line":47,"column":7},"end":{"line":47,"column":15}},{"start":{"line":47,"column":15},"end":{"line":47,"column":27}},{"start":{"line":47,"column":27},"end":{"line":47,"column":null}}],"line":47}},"s":{"0":1,"1":7,"2":7,"3":7,"4":7},"f":{"0":7},"b":{"0":[7],"1":[7],"2":[7],"3":[7],"4":[7],"5":[7,6],"6":[7,1],"7":[7,1,1]},"meta":{"lastBranch":8,"lastFunction":1,"lastStatement":5,"seen":{"s:3:6:48:Infinity":0,"f:3:6:3:16":0,"b:5:12:5:Infinity":0,"b:6:9:6:Infinity":1,"b:7:14:7:Infinity":2,"b:8:13:8:Infinity":3,"b:9:12:9:Infinity":4,"s:13:21:13:Infinity":1,"s:15:19:22:Infinity":2,"s:24:16:28:Infinity":3,"s:30:2:48:Infinity":4,"b:38:16:38:28:38:28:38:Infinity":5,"b:41:7:41:Infinity:42:8:44:Infinity":6,"b:47:7:47:15:47:15:47:27:47:27:47:Infinity":7}}}
}
